C51 COMPILER V9.54   MAIN                                                                  07/01/2016 17:14:36 PAGE 1   


C51 COMPILER V9.54, COMPILATION OF MODULE MAIN
OBJECT MODULE PLACED IN .\Objects\main.obj
COMPILER INVOKED BY: C:\Keil_v5\C51\BIN\C51.EXE main.c OMF2 OPTIMIZE(8,SPEED) BROWSE DEBUG PRINT(.\Listings\main.lst) OB
                    -JECT(.\Objects\main.obj)

line level    source

   1          #include "system_init.h"
   2          
   3          /*
   4          1、攀爬报警主程序-->用在受力杆和轴承杆上面
   5          2、出厂需要设置报警阀值
   6          */
   7          
   8          void main(void)
   9          {               
  10   1              //系统初始化
  11   1          system_init();
  12   1      
  13   1          //打开总中断
  14   1          Enable_interrupt();
  15   1              
  16   1          //使能看门狗
  17   1          Wdt_enable();// 2.276s 溢出周期      
  18   1          
  19   1          while(1){
  20   2                      //系统状态处理
  21   2                      status_task();
  22   2                      
  23   2              //处理AD采集的结果
  24   2              adc_task();
  25   2              
  26   2              //解析uart接收到的命令以及主动上报报警信息
  27   2              uart_task();
  28   2              
  29   2                      //门磁处理  
  30   2                      doorkeep_task();
  31   2                                      
  32   2                      //报警处理
  33   2                      alarm_task();
  34   2                                      
  35   2              //喂狗
  36   2              Wdt_refresh();
  37   2          }
  38   1      }


MODULE INFORMATION:   STATIC OVERLAYABLE
   CODE SIZE        =     28    ----
   CONSTANT SIZE    =   ----    ----
   XDATA SIZE       =   ----    ----
   PDATA SIZE       =   ----    ----
   DATA SIZE        =   ----    ----
   IDATA SIZE       =   ----    ----
   BIT SIZE         =   ----    ----
   EDATA SIZE       =   ----    ----
   HDATA SIZE       =   ----    ----
   XDATA CONST SIZE =   ----    ----
   FAR CONST SIZE   =   ----    ----
END OF MODULE INFORMATION.


C51 COMPILATION COMPLETE.  0 WARNING(S),  0 ERROR(S)
